<?xml version="1.0" encoding="UTF-8"?>
<!-- Generated by org.testng.reporters.JUnitReportReporter -->
<testsuite skipped="0" hostname="DESKTOP-G8OVF02" name="qaclickAcadmy.RESTAPITest" tests="2" failures="0" timestamp="2019-10-23T18:42:16 IST" time="0.028" errors="0">
  <testcase name="deleteTwitter" time="0.014" classname="qaclickAcadmy.RESTAPITest"/>
  <testcase name="postJira" time="0.014" classname="qaclickAcadmy.RESTAPITest"/>
</testsuite> <!-- qaclickAcadmy.RESTAPITest -->
