<?xml version="1.0" encoding="UTF-8"?>
<!-- Generated by org.testng.reporters.JUnitReportReporter -->
<testsuite skipped="0" hostname="DESKTOP-G8OVF02" name="qaclickAcadmy.SeleniumTest" tests="2" failures="0" timestamp="2019-10-23T18:42:16 IST" time="0.044" errors="0">
  <testcase name="elementsUi" time="0.009" classname="qaclickAcadmy.SeleniumTest"/>
  <testcase name="BrowserAUtomation" time="0.035" classname="qaclickAcadmy.SeleniumTest"/>
</testsuite> <!-- qaclickAcadmy.SeleniumTest -->
