<?xml version="1.0" encoding="UTF-8"?>
<!-- Generated by org.testng.reporters.JUnitReportReporter -->
<testsuite skipped="0" hostname="DESKTOP-G8OVF02" name="qaclickAcadmy.SeleniumTest" tests="2" failures="0" timestamp="2019-10-20T16:48:57 IST" time="0.017" errors="0">
  <testcase name="BrowserAUtomation" time="0.016" classname="qaclickAcadmy.SeleniumTest"/>
  <testcase name="elementsUi" time="0.001" classname="qaclickAcadmy.SeleniumTest"/>
</testsuite> <!-- qaclickAcadmy.SeleniumTest -->
