<?xml version="1.0" encoding="UTF-8"?>
<!-- Generated by org.testng.reporters.JUnitReportReporter -->
<testsuite skipped="0" hostname="DESKTOP-G8OVF02" name="qaclickAcadmy.AppiumTest" tests="2" failures="0" timestamp="2019-10-20T16:48:57 IST" time="0.001" errors="0">
  <testcase name="IOSApps" time="0.000" classname="qaclickAcadmy.AppiumTest"/>
  <testcase name="NativeAPpAndroid" time="0.001" classname="qaclickAcadmy.AppiumTest"/>
</testsuite> <!-- qaclickAcadmy.AppiumTest -->
